[debug] [2018-10-25T14:42:17.101Z] ----------------------------------------------------------------------
[debug] [2018-10-25T14:42:17.102Z] Command:       /usr/local/bin/node /Users/muzzicm/.npm-global/bin/firebase functions:config:get
[debug] [2018-10-25T14:42:17.102Z] CLI Version:   3.18.4
[debug] [2018-10-25T14:42:17.102Z] Platform:      darwin
[debug] [2018-10-25T14:42:17.103Z] Node Version:  v10.1.0
[debug] [2018-10-25T14:42:17.103Z] Time:          Thu Oct 25 2018 09:42:17 GMT-0500 (CDT)
[debug] [2018-10-25T14:42:17.103Z] ----------------------------------------------------------------------
[debug] 
[debug] [2018-10-25T14:42:17.122Z] > command requires scopes: ["email","openid","https://www.googleapis.com/auth/cloudplatformprojects.readonly","https://www.googleapis.com/auth/firebase","https://www.googleapis.com/auth/cloud-platform"]
[debug] [2018-10-25T14:42:17.123Z] > authorizing via signed-in user
[debug] [2018-10-25T14:42:17.124Z] > refreshing access token with scopes: ["email","https://www.googleapis.com/auth/cloud-platform","https://www.googleapis.com/auth/cloudplatformprojects.readonly","https://www.googleapis.com/auth/firebase","openid"]
[debug] [2018-10-25T14:42:17.124Z] >>> HTTP REQUEST POST https://www.googleapis.com/oauth2/v3/token  
 { refresh_token: '1/DjcmMQuJ9hC8c-DrSbzXXL95M-jttQ_yMIQVbg0QmHA',
  client_id: '563584335869-fgrhgmd47bqnekij5i8b5pr03ho849e6.apps.googleusercontent.com',
  client_secret: 'j9iVZfS8kkCEFUPaAeJV0sAi',
  grant_type: 'refresh_token',
  scope: 'email https://www.googleapis.com/auth/cloud-platform https://www.googleapis.com/auth/cloudplatformprojects.readonly https://www.googleapis.com/auth/firebase openid' } 
 Thu Oct 25 2018 09:42:17 GMT-0500 (CDT)
[debug] [2018-10-25T14:42:17.344Z] <<< HTTP RESPONSE 200
[debug] [2018-10-25T14:42:17.393Z] >>> HTTP REQUEST GET https://admin.firebase.com/v1/projects/my-spotify-1fdd4  
  
 Thu Oct 25 2018 09:42:17 GMT-0500 (CDT)
[debug] [2018-10-25T14:42:18.563Z] Error: self signed certificate in certificate chain
    at TLSSocket.onConnectSecure (_tls_wrap.js:1055:34)
    at TLSSocket.emit (events.js:182:13)
    at TLSSocket.EventEmitter.emit (domain.js:442:20)
    at TLSSocket._finishInit (_tls_wrap.js:635:8)
[error] 
[error] Error: Server Error. self signed certificate in certificate chain
